<?xml version="1.0" encoding="UTF-8"?>
<!-- Generated by org.testng.reporters.JUnitReportReporter -->
<testsuite hostname="DESKTOP-34S6GKH" failures="0" tests="1" name="test_case.Get_Password" time="32.071" errors="0" timestamp="2022-06-19T05:31:55 BDT" skipped="0">
  <testcase classname="test_case.Get_Password" name="locatorLearnning" time="32.071"/>
  <system-out/>
</testsuite> <!-- test_case.Get_Password -->
